[Thu Mar 24 21:19:48.753937 2022] [mpm_winnt:notice] [pid 9148:tid 376] AH00455: Apache/2.4.53 (Win64) configured -- resuming normal operations
[Thu Mar 24 21:19:48.754934 2022] [mpm_winnt:notice] [pid 9148:tid 376] AH00456: Apache Lounge VS16 Server built: Mar 16 2022 11:26:15
[Thu Mar 24 21:19:48.754934 2022] [core:notice] [pid 9148:tid 376] AH00094: Command line: 'D:\\Webprog\\first\\firstlab\\Apache24\\bin\\httpd.exe -d D:/Webprog/first/firstlab/Apache24'
[Thu Mar 24 21:19:48.759950 2022] [mpm_winnt:notice] [pid 9148:tid 376] AH00418: Parent: Created child process 21928
Apache server shutdown initiated...
pm_winnt:notice] [pid 21928:tid 352] AH00354: Child: Starting 64 worker threads.
[Thu Mar 24 21:20:25.854132 2022] [mpm_winnt:notice] [pid 9148:tid 376] AH00422: Parent: Received shutdown signal -- Shutting down the server.
[Thu Mar 24 21:20:27.860599 2022] [mpm_winnt:notice] [pid 21928:tid 352] AH00364: Child: All worker threads have exited.
[Thu Mar 24 21:20:27.882316 2022] [mpm_winnt:notice] [pid 9148:tid 376] AH00430: Parent: Child process 21928 exited successfully.
[Thu Mar 24 21:21:35.040779 2022] [mpm_winnt:notice] [pid 5988:tid 368] AH00455: Apache/2.4.53 (Win64) configured -- resuming normal operations
[Thu Mar 24 21:21:35.040779 2022] [mpm_winnt:notice] [pid 5988:tid 368] AH00456: Apache Lounge VS16 Server built: Mar 16 2022 11:26:15
[Thu Mar 24 21:21:35.040779 2022] [core:notice] [pid 5988:tid 368] AH00094: Command line: 'D:\\Webprog\\first\\firstlab\\Apache24\\bin\\httpd.exe -d D:/Webprog/first/firstlab/Apache24'
[Thu Mar 24 21:21:35.045792 2022] [mpm_winnt:notice] [pid 5988:tid 368] AH00418: Parent: Created child process 16612
Apache server shutdown initiated...
pm_winnt:notice] [pid 16612:tid 356] AH00354: Child: Starting 64 worker threads.
[Thu Mar 24 21:22:28.271861 2022] [mpm_winnt:notice] [pid 5988:tid 368] AH00422: Parent: Received shutdown signal -- Shutting down the server.
[Thu Mar 24 21:22:30.290230 2022] [mpm_winnt:notice] [pid 16612:tid 356] AH00364: Child: All worker threads have exited.
[Thu Mar 24 21:22:30.311198 2022] [mpm_winnt:notice] [pid 5988:tid 368] AH00430: Parent: Child process 16612 exited successfully.
[Thu Mar 24 21:26:00.996468 2022] [mpm_winnt:notice] [pid 18468:tid 380] AH00455: Apache/2.4.53 (Win64) configured -- resuming normal operations
[Thu Mar 24 21:26:00.997465 2022] [mpm_winnt:notice] [pid 18468:tid 380] AH00456: Apache Lounge VS16 Server built: Mar 16 2022 11:26:15
[Thu Mar 24 21:26:00.997465 2022] [core:notice] [pid 18468:tid 380] AH00094: Command line: 'D:\\Webprog\\first\\firstlab\\Apache24\\bin\\httpd.exe -d D:/Webprog/first/firstlab/Apache24'
[Thu Mar 24 21:26:01.002452 2022] [mpm_winnt:notice] [pid 18468:tid 380] AH00418: Parent: Created child process 10712
Apache server shutdown initiated...
pm_winnt:notice] [pid 10712:tid 356] AH00354: Child: Starting 64 worker threads.
[Thu Mar 24 21:26:02.981245 2022] [mpm_winnt:notice] [pid 18468:tid 380] AH00422: Parent: Received shutdown signal -- Shutting down the server.
[Thu Mar 24 21:26:05.000596 2022] [mpm_winnt:notice] [pid 10712:tid 356] AH00364: Child: All worker threads have exited.
[Thu Mar 24 21:26:05.021669 2022] [mpm_winnt:notice] [pid 18468:tid 380] AH00430: Parent: Child process 10712 exited successfully.
[Thu Mar 24 21:28:15.654711 2022] [mpm_winnt:notice] [pid 22900:tid 328] AH00455: Apache/2.4.53 (Win64) configured -- resuming normal operations
[Thu Mar 24 21:28:15.655709 2022] [mpm_winnt:notice] [pid 22900:tid 328] AH00456: Apache Lounge VS16 Server built: Mar 16 2022 11:26:15
[Thu Mar 24 21:28:15.655709 2022] [core:notice] [pid 22900:tid 328] AH00094: Command line: 'D:\\Webprog\\first\\firstlab\\Apache24\\bin\\httpd.exe -d D:/Webprog/first/firstlab/Apache24'
[Thu Mar 24 21:28:15.659698 2022] [mpm_winnt:notice] [pid 22900:tid 328] AH00418: Parent: Created child process 12660
Apache server interrupted...
022] [mpm_winnt:notice] [pid 12660:tid 324] AH00354: Child: Starting 64 worker threads.
[Thu Mar 24 21:28:22.014606 2022] [mpm_winnt:notice] [pid 22900:tid 328] AH00422: Parent: Received shutdown signal -- Shutting down the server.
Apache server interrupted...
Apache server interrupted...
Apache server interrupted...
[Thu Mar 24 21:28:24.037079 2022] [mpm_winnt:notice] [pid 12660:tid 324] AH00364: Child: All worker threads have exited.
[Thu Mar 24 21:28:24.058785 2022] [mpm_winnt:notice] [pid 22900:tid 328] AH00430: Parent: Child process 12660 exited successfully.
[Thu Mar 24 21:47:49.908963 2022] [mpm_winnt:notice] [pid 6540:tid 404] AH00455: Apache/2.4.53 (Win64) configured -- resuming normal operations
[Thu Mar 24 21:47:49.916971 2022] [mpm_winnt:notice] [pid 6540:tid 404] AH00456: Apache Lounge VS16 Server built: Mar 16 2022 11:26:15
[Thu Mar 24 21:47:49.916971 2022] [core:notice] [pid 6540:tid 404] AH00094: Command line: 'D:\\Webprog\\first\\firstlab\\Apache24\\bin\\httpd.exe -d D:/Webprog/first/firstlab/Apache24'
[Thu Mar 24 21:47:49.929028 2022] [mpm_winnt:notice] [pid 6540:tid 404] AH00418: Parent: Created child process 10996
Apache server interrupted...
022] [mpm_winnt:notice] [pid 10996:tid 332] AH00354: Child: Starting 64 worker threads.
[Thu Mar 24 21:48:26.259325 2022] [mpm_winnt:notice] [pid 6540:tid 404] AH00422: Parent: Received shutdown signal -- Shutting down the server.
Apache server interrupted...
[Thu Mar 24 21:48:28.277941 2022] [mpm_winnt:notice] [pid 10996:tid 332] AH00364: Child: All worker threads have exited.
[Thu Mar 24 21:48:28.298813 2022] [mpm_winnt:notice] [pid 6540:tid 404] AH00430: Parent: Child process 10996 exited successfully.
[Thu Mar 24 21:48:39.913781 2022] [mpm_winnt:notice] [pid 2900:tid 328] AH00455: Apache/2.4.53 (Win64) configured -- resuming normal operations
[Thu Mar 24 21:48:39.913781 2022] [mpm_winnt:notice] [pid 2900:tid 328] AH00456: Apache Lounge VS16 Server built: Mar 16 2022 11:26:15
[Thu Mar 24 21:48:39.913781 2022] [core:notice] [pid 2900:tid 328] AH00094: Command line: 'D:\\Webprog\\first\\firstlab\\Apache24\\bin\\httpd.exe -d D:/Webprog/first/firstlab/Apache24'
[Thu Mar 24 21:48:39.920762 2022] [mpm_winnt:notice] [pid 2900:tid 328] AH00418: Parent: Created child process 5176
Apache server interrupted...
022] [mpm_winnt:notice] [pid 5176:tid 324] AH00354: Child: Starting 64 worker threads.
[Thu Mar 24 21:48:49.666931 2022] [mpm_winnt:notice] [pid 2900:tid 328] AH00422: Parent: Received shutdown signal -- Shutting down the server.
Apache server interrupted...
Apache server interrupted...
Apache server interrupted...
Apache server interrupted...
Apache server interrupted...
Apache server interrupted...
Apache server interrupted...
Apache server interrupted...
Apache server interrupted...
Apache server interrupted...
Apache server interrupted...
Apache server interrupted...
Apache server interrupted...
Apache server interrupted...
Apache server interrupted...
Apache server interrupted...
Apache server interrupted...
Apache server interrupted...
Apache server interrupted...
Apache server interrupted...
Apache server interrupted...
Apache server interrupted...
Apache server interrupted...
Apache server interrupted...
Apache server interrupted...
Apache server interrupted...
Apache server interrupted...
Apache server interrupted...
Apache server interrupted...
Apache server interrupted...
Apache server interrupted...
Apache server interrupted...
Apache server interrupted...
Apache server interrupted...
Apache server interrupted...
Apache server interrupted...
Apache server interrupted...
Apache server interrupted...
Apache server interrupted...
Apache server interrupted...
Apache server interrupted...
Apache server interrupted...
[Thu Mar 24 21:49:19.672045 2022] [mpm_winnt:notice] [pid 2900:tid 328] AH00431: Parent: Forcing termination of child process 5176
[Thu Mar 24 21:50:16.892144 2022] [mpm_winnt:notice] [pid 15824:tid 328] AH00455: Apache/2.4.53 (Win64) configured -- resuming normal operations
[Thu Mar 24 21:50:16.893141 2022] [mpm_winnt:notice] [pid 15824:tid 328] AH00456: Apache Lounge VS16 Server built: Mar 16 2022 11:26:15
[Thu Mar 24 21:50:16.893141 2022] [core:notice] [pid 15824:tid 328] AH00094: Command line: 'D:\\Webprog\\first\\firstlab\\Apache24\\bin\\httpd.exe -d D:/Webprog/first/firstlab/Apache24'
[Thu Mar 24 21:50:16.899125 2022] [mpm_winnt:notice] [pid 15824:tid 328] AH00418: Parent: Created child process 11016
Apache server interrupted...
022] [mpm_winnt:notice] [pid 11016:tid 328] AH00354: Child: Starting 64 worker threads.
[Thu Mar 24 21:50:49.372528 2022] [mpm_winnt:notice] [pid 15824:tid 328] AH00422: Parent: Received shutdown signal -- Shutting down the server.
Apache server interrupted...
Apache server interrupted...
Apache server interrupted...
Apache server interrupted...
Apache server interrupted...
[Thu Mar 24 21:51:19.375267 2022] [mpm_winnt:notice] [pid 15824:tid 328] AH00431: Parent: Forcing termination of child process 11016
[Thu Mar 24 21:51:45.684632 2022] [mpm_winnt:notice] [pid 6532:tid 328] AH00455: Apache/2.4.53 (Win64) configured -- resuming normal operations
[Thu Mar 24 21:51:45.685630 2022] [mpm_winnt:notice] [pid 6532:tid 328] AH00456: Apache Lounge VS16 Server built: Mar 16 2022 11:26:15
[Thu Mar 24 21:51:45.685630 2022] [core:notice] [pid 6532:tid 328] AH00094: Command line: 'D:\\Webprog\\first\\firstlab\\Apache24\\bin\\httpd.exe -d D:/Webprog/first/firstlab/Apache24'
[Thu Mar 24 21:51:45.692611 2022] [mpm_winnt:notice] [pid 6532:tid 328] AH00418: Parent: Created child process 7824
Apache server interrupted...
022] [mpm_winnt:notice] [pid 7824:tid 324] AH00354: Child: Starting 64 worker threads.
[Thu Mar 24 21:52:41.214981 2022] [mpm_winnt:notice] [pid 6532:tid 328] AH00422: Parent: Received shutdown signal -- Shutting down the server.
Apache server interrupted...
Apache server interrupted...
Apache server interrupted...
Apache server interrupted...
Apache server interrupted...
Apache server interrupted...
Apache server interrupted...
Apache server interrupted...
Apache server interrupted...
Apache server interrupted...
Apache server interrupted...
Apache server interrupted...
Apache server interrupted...
Apache server interrupted...
Apache server interrupted...
Apache server interrupted...
Apache server interrupted...
Apache server interrupted...
Apache server interrupted...
Apache server interrupted...
Apache server interrupted...
Apache server interrupted...
Apache server interrupted...
Apache server interrupted...
Apache server interrupted...
Apache server interrupted...
Apache server interrupted...
Apache server interrupted...
Apache server interrupted...
Apache server interrupted...
Apache server interrupted...
Apache server interrupted...
Apache server interrupted...
Apache server interrupted...
Apache server interrupted...
Apache server interrupted...
Apache server interrupted...
Apache server interrupted...
Apache server interrupted...
Apache server interrupted...
Apache server interrupted...
Apache server interrupted...
Apache server interrupted...
Apache server interrupted...
Apache server interrupted...
Apache server interrupted...
Apache server interrupted...
Apache server interrupted...
Apache server interrupted...
Apache server interrupted...
Apache server interrupted...
Apache server interrupted...
Apache server interrupted...
Apache server interrupted...
Apache server interrupted...
Apache server interrupted...
Apache server interrupted...
[Thu Mar 24 21:53:11.227599 2022] [mpm_winnt:notice] [pid 6532:tid 328] AH00431: Parent: Forcing termination of child process 7824
[Thu Mar 24 22:30:09.651961 2022] [mpm_winnt:notice] [pid 12228:tid 328] AH00455: Apache/2.4.53 (Win64) configured -- resuming normal operations
[Thu Mar 24 22:30:09.652957 2022] [mpm_winnt:notice] [pid 12228:tid 328] AH00456: Apache Lounge VS16 Server built: Mar 16 2022 11:26:15
[Thu Mar 24 22:30:09.652957 2022] [core:notice] [pid 12228:tid 328] AH00094: Command line: 'D:\\Webprog\\first\\firstlab\\Apache24\\bin\\httpd.exe -d D:/Webprog/first/firstlab/Apache24'
[Thu Mar 24 22:30:09.658942 2022] [mpm_winnt:notice] [pid 12228:tid 328] AH00418: Parent: Created child process 4056
Apache server interrupted...
022] [mpm_winnt:notice] [pid 4056:tid 328] AH00354: Child: Starting 64 worker threads.
[Thu Mar 24 22:30:58.909639 2022] [mpm_winnt:notice] [pid 12228:tid 328] AH00422: Parent: Received shutdown signal -- Shutting down the server.
Apache server interrupted...
[Thu Mar 24 22:31:28.914899 2022] [mpm_winnt:notice] [pid 12228:tid 328] AH00431: Parent: Forcing termination of child process 4056
[Thu Mar 24 22:32:07.775201 2022] [mpm_winnt:notice] [pid 3064:tid 344] AH00455: Apache/2.4.53 (Win64) configured -- resuming normal operations
[Thu Mar 24 22:32:07.775201 2022] [mpm_winnt:notice] [pid 3064:tid 344] AH00456: Apache Lounge VS16 Server built: Mar 16 2022 11:26:15
[Thu Mar 24 22:32:07.775201 2022] [core:notice] [pid 3064:tid 344] AH00094: Command line: 'D:\\Webprog\\first\\firstlab\\Apache24\\bin\\httpd.exe -d D:/Webprog/first/firstlab/Apache24'
[Thu Mar 24 22:32:07.782158 2022] [mpm_winnt:notice] [pid 3064:tid 344] AH00418: Parent: Created child process 11124
Apache server interrupted...
022] [mpm_winnt:notice] [pid 11124:tid 332] AH00354: Child: Starting 64 worker threads.
[Thu Mar 24 22:32:40.244572 2022] [mpm_winnt:notice] [pid 3064:tid 344] AH00422: Parent: Received shutdown signal -- Shutting down the server.
Apache server interrupted...
Apache server interrupted...
[Thu Mar 24 22:33:10.254582 2022] [mpm_winnt:notice] [pid 3064:tid 344] AH00431: Parent: Forcing termination of child process 11124
[Thu Mar 24 22:41:38.793610 2022] [mpm_winnt:notice] [pid 6540:tid 376] AH00455: Apache/2.4.53 (Win64) configured -- resuming normal operations
[Thu Mar 24 22:41:38.794607 2022] [mpm_winnt:notice] [pid 6540:tid 376] AH00456: Apache Lounge VS16 Server built: Mar 16 2022 11:26:15
[Thu Mar 24 22:41:38.794607 2022] [core:notice] [pid 6540:tid 376] AH00094: Command line: 'D:\\Webprog\\first\\firstlab\\Apache24\\bin\\httpd.exe -d D:/Webprog/first/firstlab/Apache24'
[Thu Mar 24 22:41:38.800591 2022] [mpm_winnt:notice] [pid 6540:tid 376] AH00418: Parent: Created child process 8992
Apache server interrupted...
022] [mpm_winnt:notice] [pid 8992:tid 332] AH00354: Child: Starting 64 worker threads.
[Thu Mar 24 22:52:03.543955 2022] [mpm_winnt:notice] [pid 6540:tid 376] AH00422: Parent: Received shutdown signal -- Shutting down the server.
Apache server interrupted...
Apache server interrupted...
Apache server interrupted...
Apache server interrupted...
Apache server interrupted...
Apache server interrupted...
Apache server interrupted...
Apache server interrupted...
[Thu Mar 24 22:52:05.555819 2022] [mpm_winnt:notice] [pid 8992:tid 332] AH00364: Child: All worker threads have exited.
[Thu Mar 24 22:52:05.578821 2022] [mpm_winnt:notice] [pid 6540:tid 376] AH00430: Parent: Child process 8992 exited successfully.
AH00112: Warning: DocumentRoot [D:/Webprog/first/firstlab/vh1/site1.com] does not exist
AH00112: Warning: DocumentRoot [D:/Webprog/first/firstlab/vh2/site2.com] does not exist
[Thu Mar 24 22:52:12.016421 2022] [mpm_winnt:notice] [pid 5680:tid 344] AH00455: Apache/2.4.53 (Win64) configured -- resuming normal operations
[Thu Mar 24 22:52:12.017418 2022] [mpm_winnt:notice] [pid 5680:tid 344] AH00456: Apache Lounge VS16 Server built: Mar 16 2022 11:26:15
[Thu Mar 24 22:52:12.017418 2022] [core:notice] [pid 5680:tid 344] AH00094: Command line: 'D:\\Webprog\\first\\firstlab\\Apache24\\bin\\httpd.exe -d D:/Webprog/first/firstlab/Apache24'
[Thu Mar 24 22:52:12.023403 2022] [mpm_winnt:notice] [pid 5680:tid 344] AH00418: Parent: Created child process 14196
AH00112: Warning: DocumentRoot [D:/Webprog/first/firstlab/vh1/site1.com] does not exist
AH00112: Warning: DocumentRoot [D:/Webprog/first/firstlab/vh2/site2.com] does not exist
Apache server interrupted...
t [D:/Webprog/first/firstlab/vh1/site1.com] does not exist
AH00112: Warning: DocumentRoot [D:/Webprog/first/firstlab/vh2/site2.com] does not exist
[Thu Mar 24 22:52:12.475904 2022] [mpm_winnt:notice] [pid 14196:tid 356] AH00354: Child: Starting 64 worker threads.
[Thu Mar 24 22:52:45.550434 2022] [mpm_winnt:notice] [pid 5680:tid 344] AH00422: Parent: Received shutdown signal -- Shutting down the server.
Apache server interrupted...
Apache server interrupted...
Apache server interrupted...
Apache server interrupted...
Apache server interrupted...
Apache server interrupted...
Apache server interrupted...
[Thu Mar 24 22:52:47.558124 2022] [mpm_winnt:notice] [pid 14196:tid 356] AH00364: Child: All worker threads have exited.
[Thu Mar 24 22:52:47.579408 2022] [mpm_winnt:notice] [pid 5680:tid 344] AH00430: Parent: Child process 14196 exited successfully.
[Thu Mar 24 22:52:50.212581 2022] [mpm_winnt:notice] [pid 5424:tid 328] AH00455: Apache/2.4.53 (Win64) configured -- resuming normal operations
[Thu Mar 24 22:52:50.212581 2022] [mpm_winnt:notice] [pid 5424:tid 328] AH00456: Apache Lounge VS16 Server built: Mar 16 2022 11:26:15
[Thu Mar 24 22:52:50.212581 2022] [core:notice] [pid 5424:tid 328] AH00094: Command line: 'D:\\Webprog\\first\\firstlab\\Apache24\\bin\\httpd.exe -d D:/Webprog/first/firstlab/Apache24'
[Thu Mar 24 22:52:50.219562 2022] [mpm_winnt:notice] [pid 5424:tid 328] AH00418: Parent: Created child process 9816
Apache server interrupted...
022] [mpm_winnt:notice] [pid 9816:tid 324] AH00354: Child: Starting 64 worker threads.
[Thu Mar 24 22:57:53.264389 2022] [mpm_winnt:notice] [pid 5424:tid 328] AH00422: Parent: Received shutdown signal -- Shutting down the server.
Apache server interrupted...
Apache server interrupted...
Apache server interrupted...
Apache server interrupted...
Apache server interrupted...
Apache server interrupted...
Apache server interrupted...
Apache server interrupted...
Apache server interrupted...
[Thu Mar 24 22:57:55.281072 2022] [mpm_winnt:notice] [pid 9816:tid 324] AH00364: Child: All worker threads have exited.
[Thu Mar 24 22:57:55.302387 2022] [mpm_winnt:notice] [pid 5424:tid 328] AH00430: Parent: Child process 9816 exited successfully.
[Thu Mar 24 22:57:57.524505 2022] [mpm_winnt:notice] [pid 9492:tid 344] AH00455: Apache/2.4.53 (Win64) configured -- resuming normal operations
[Thu Mar 24 22:57:57.524505 2022] [mpm_winnt:notice] [pid 9492:tid 344] AH00456: Apache Lounge VS16 Server built: Mar 16 2022 11:26:15
[Thu Mar 24 22:57:57.524505 2022] [core:notice] [pid 9492:tid 344] AH00094: Command line: 'D:\\Webprog\\first\\firstlab\\Apache24\\bin\\httpd.exe -d D:/Webprog/first/firstlab/Apache24'
[Thu Mar 24 22:57:57.531487 2022] [mpm_winnt:notice] [pid 9492:tid 344] AH00418: Parent: Created child process 5356
Apache server interrupted...
022] [mpm_winnt:notice] [pid 5356:tid 328] AH00354: Child: Starting 64 worker threads.
[Thu Mar 24 22:58:45.284736 2022] [mpm_winnt:notice] [pid 9492:tid 344] AH00422: Parent: Received shutdown signal -- Shutting down the server.
Apache server interrupted...
Apache server interrupted...
Apache server interrupted...
Apache server interrupted...
Apache server interrupted...
Apache server interrupted...
Apache server interrupted...
Apache server interrupted...
Apache server interrupted...
Apache server interrupted...
Apache server interrupted...
Apache server interrupted...
Apache server interrupted...
Apache server interrupted...
Apache server interrupted...
Apache server interrupted...
Apache server interrupted...
Apache server interrupted...
Apache server interrupted...
Apache server interrupted...
Apache server interrupted...
Apache server interrupted...
Apache server interrupted...
Apache server interrupted...
Apache server interrupted...
Apache server interrupted...
Apache server interrupted...
Apache server interrupted...
[Thu Mar 24 22:59:05.795611 2022] [mpm_winnt:notice] [pid 5356:tid 328] AH00364: Child: All worker threads have exited.
[Thu Mar 24 22:59:05.818650 2022] [mpm_winnt:notice] [pid 9492:tid 344] AH00430: Parent: Child process 5356 exited successfully.
[Thu Mar 24 22:59:40.891223 2022] [mpm_winnt:notice] [pid 13308:tid 336] AH00455: Apache/2.4.53 (Win64) configured -- resuming normal operations
[Thu Mar 24 22:59:40.891223 2022] [mpm_winnt:notice] [pid 13308:tid 336] AH00456: Apache Lounge VS16 Server built: Mar 16 2022 11:26:15
[Thu Mar 24 22:59:40.891223 2022] [core:notice] [pid 13308:tid 336] AH00094: Command line: 'D:\\Webprog\\first\\firstlab\\Apache24\\bin\\httpd.exe -d D:/Webprog/first/firstlab/Apache24'
[Thu Mar 24 22:59:40.897538 2022] [mpm_winnt:notice] [pid 13308:tid 336] AH00418: Parent: Created child process 14184
[Thu Mar 24 22:59:41.230054 2022] [mpm_winnt:notice] [pid 14184:tid 332] AH00354: Child: Starting 64 worker threads.
